{"/home/arodrigo/purchases/src/lib/utils.ts": {"path":"/home/arodrigo/purchases/src/lib/utils.ts","statementMap":{"0":{"start":{"line":6,"column":1},"end":{"line":6,"column":null}},"1":{"start":{"line":17,"column":13},"end":{"line":17,"column":null}},"2":{"start":{"line":18,"column":1},"end":{"line":18,"column":null}}},"fnMap":{"0":{"name":"cn","decl":{"start":{"line":5,"column":16},"end":{"line":5,"column":22}},"loc":{"start":{"line":5,"column":44},"end":{"line":7,"column":null}},"line":5},"1":{"name":"getStatusColor","decl":{"start":{"line":16,"column":16},"end":{"line":16,"column":31}},"loc":{"start":{"line":16,"column":55},"end":{"line":19,"column":null}},"line":16}},"branchMap":{"0":{"loc":{"start":{"line":18,"column":8},"end":{"line":18,"column":null}},"type":"binary-expr","locations":[{"start":{"line":18,"column":8},"end":{"line":18,"column":30}},{"start":{"line":18,"column":30},"end":{"line":18,"column":null}}],"line":18}},"s":{"0":3,"1":9,"2":9},"f":{"0":3,"1":9},"b":{"0":[9,3]},"meta":{"lastBranch":1,"lastFunction":2,"lastStatement":3,"seen":{"f:5:16:5:22":0,"s:6:1:6:Infinity":0,"f:16:16:16:31":1,"s:17:13:17:Infinity":1,"s:18:1:18:Infinity":2,"b:18:8:18:30:18:30:18:Infinity":0}}}
,"/home/arodrigo/purchases/src/lib/constants/index.ts": {"path":"/home/arodrigo/purchases/src/lib/constants/index.ts","statementMap":{},"fnMap":{},"branchMap":{},"s":{},"f":{},"b":{},"meta":{"lastBranch":0,"lastFunction":0,"lastStatement":0,"seen":{}}}
,"/home/arodrigo/purchases/src/lib/constants/order.ts": {"path":"/home/arodrigo/purchases/src/lib/constants/order.ts","statementMap":{"0":{"start":{"line":7,"column":28},"end":{"line":12,"column":null}},"1":{"start":{"line":17,"column":32},"end":{"line":23,"column":null}},"2":{"start":{"line":28,"column":62},"end":{"line":34,"column":null}},"3":{"start":{"line":37,"column":26},"end":{"line":40,"column":null}},"4":{"start":{"line":43,"column":37},"end":{"line":43,"column":null}},"5":{"start":{"line":46,"column":67},"end":{"line":51,"column":null}},"6":{"start":{"line":54,"column":36},"end":{"line":54,"column":null}}},"fnMap":{},"branchMap":{},"s":{"0":3,"1":3,"2":3,"3":3,"4":3,"5":3,"6":3},"f":{},"b":{},"meta":{"lastBranch":0,"lastFunction":0,"lastStatement":7,"seen":{"s:7:28:12:Infinity":0,"s:17:32:23:Infinity":1,"s:28:62:34:Infinity":2,"s:37:26:40:Infinity":3,"s:43:37:43:Infinity":4,"s:46:67:51:Infinity":5,"s:54:36:54:Infinity":6}}}
,"/home/arodrigo/purchases/src/lib/excel/fieldDefinitions.ts": {"path":"/home/arodrigo/purchases/src/lib/excel/fieldDefinitions.ts","statementMap":{"0":{"start":{"line":12,"column":44},"end":{"line":25,"column":null}},"1":{"start":{"line":27,"column":31},"end":{"line":27,"column":null}},"2":{"start":{"line":27,"column":53},"end":{"line":27,"column":63}}},"fnMap":{"0":{"name":"(anonymous_0)","decl":{"start":{"line":27,"column":48},"end":{"line":27,"column":53}},"loc":{"start":{"line":27,"column":53},"end":{"line":27,"column":63}},"line":27}},"branchMap":{},"s":{"0":3,"1":3,"2":36},"f":{"0":36},"b":{},"meta":{"lastBranch":0,"lastFunction":1,"lastStatement":3,"seen":{"s:12:44:25:Infinity":0,"s:27:31:27:Infinity":1,"f:27:48:27:53":0,"s:27:53:27:63":2}}}
,"/home/arodrigo/purchases/src/lib/excel/parser.ts": {"path":"/home/arodrigo/purchases/src/lib/excel/parser.ts","statementMap":{"0":{"start":{"line":20,"column":21},"end":{"line":20,"column":null}},"1":{"start":{"line":21,"column":22},"end":{"line":21,"column":null}},"2":{"start":{"line":22,"column":22},"end":{"line":22,"column":null}},"3":{"start":{"line":25,"column":20},"end":{"line":25,"column":null}},"4":{"start":{"line":27,"column":4},"end":{"line":34,"column":null}},"5":{"start":{"line":28,"column":8},"end":{"line":33,"column":null}},"6":{"start":{"line":36,"column":20},"end":{"line":36,"column":null}},"7":{"start":{"line":37,"column":24},"end":{"line":37,"column":null}},"8":{"start":{"line":40,"column":20},"end":{"line":40,"column":null}},"9":{"start":{"line":43,"column":24},"end":{"line":43,"column":null}},"10":{"start":{"line":45,"column":4},"end":{"line":50,"column":null}},"11":{"start":{"line":60,"column":44},"end":{"line":60,"column":null}},"12":{"start":{"line":62,"column":4},"end":{"line":71,"column":null}},"13":{"start":{"line":63,"column":22},"end":{"line":67,"column":null}},"14":{"start":{"line":65,"column":16},"end":{"line":66,"column":null}},"15":{"start":{"line":68,"column":8},"end":{"line":70,"column":null}},"16":{"start":{"line":69,"column":12},"end":{"line":69,"column":null}},"17":{"start":{"line":73,"column":4},"end":{"line":73,"column":null}},"18":{"start":{"line":80,"column":4},"end":{"line":91,"column":null}},"19":{"start":{"line":81,"column":23},"end":{"line":81,"column":null}},"20":{"start":{"line":82,"column":8},"end":{"line":88,"column":null}},"21":{"start":{"line":83,"column":12},"end":{"line":87,"column":null}},"22":{"start":{"line":84,"column":16},"end":{"line":84,"column":null}},"23":{"start":{"line":86,"column":16},"end":{"line":86,"column":null}},"24":{"start":{"line":89,"column":8},"end":{"line":89,"column":null}},"25":{"start":{"line":89,"column":31},"end":{"line":89,"column":null}},"26":{"start":{"line":90,"column":8},"end":{"line":90,"column":null}}},"fnMap":{"0":{"name":"parseExcelBuffer","decl":{"start":{"line":19,"column":16},"end":{"line":19,"column":33}},"loc":{"start":{"line":19,"column":68},"end":{"line":51,"column":null}},"line":19},"1":{"name":"createAutoMapping","decl":{"start":{"line":56,"column":9},"end":{"line":56,"column":null}},"loc":{"start":{"line":59,"column":26},"end":{"line":74,"column":null}},"line":59},"2":{"name":"(anonymous_2)","decl":{"start":{"line":62,"column":19},"end":{"line":62,"column":20}},"loc":{"start":{"line":62,"column":30},"end":{"line":71,"column":5}},"line":62},"3":{"name":"(anonymous_3)","decl":{"start":{"line":64,"column":12},"end":{"line":64,"column":13}},"loc":{"start":{"line":65,"column":16},"end":{"line":66,"column":null}},"line":65},"4":{"name":"readFileAsBinaryString","decl":{"start":{"line":79,"column":16},"end":{"line":79,"column":39}},"loc":{"start":{"line":79,"column":68},"end":{"line":92,"column":null}},"line":79},"5":{"name":"(anonymous_5)","decl":{"start":{"line":80,"column":23},"end":{"line":80,"column":24}},"loc":{"start":{"line":80,"column":44},"end":{"line":91,"column":5}},"line":80},"6":{"name":"(anonymous_6)","decl":{"start":{"line":82,"column":24},"end":{"line":82,"column":25}},"loc":{"start":{"line":82,"column":33},"end":{"line":88,"column":null}},"line":82},"7":{"name":"(anonymous_7)","decl":{"start":{"line":89,"column":25},"end":{"line":89,"column":31}},"loc":{"start":{"line":89,"column":31},"end":{"line":89,"column":null}},"line":89}},"branchMap":{"0":{"loc":{"start":{"line":27,"column":4},"end":{"line":34,"column":null}},"type":"if","locations":[{"start":{"line":27,"column":4},"end":{"line":34,"column":null}},{"start":{},"end":{}}],"line":27},"1":{"loc":{"start":{"line":65,"column":16},"end":{"line":66,"column":null}},"type":"binary-expr","locations":[{"start":{"line":65,"column":16},"end":{"line":65,"column":null}},{"start":{"line":66,"column":16},"end":{"line":66,"column":null}}],"line":65},"2":{"loc":{"start":{"line":68,"column":8},"end":{"line":70,"column":null}},"type":"if","locations":[{"start":{"line":68,"column":8},"end":{"line":70,"column":null}},{"start":{},"end":{}}],"line":68},"3":{"loc":{"start":{"line":83,"column":12},"end":{"line":87,"column":null}},"type":"if","locations":[{"start":{"line":83,"column":12},"end":{"line":87,"column":null}},{"start":{"line":85,"column":19},"end":{"line":87,"column":null}}],"line":83}},"s":{"0":0,"1":0,"2":0,"3":0,"4":0,"5":0,"6":0,"7":0,"8":0,"9":0,"10":0,"11":0,"12":0,"13":0,"14":0,"15":0,"16":0,"17":0,"18":0,"19":0,"20":0,"21":0,"22":0,"23":0,"24":0,"25":0,"26":0},"f":{"0":0,"1":0,"2":0,"3":0,"4":0,"5":0,"6":0,"7":0},"b":{"0":[0,0],"1":[0,0],"2":[0,0],"3":[0,0]},"meta":{"lastBranch":4,"lastFunction":8,"lastStatement":27,"seen":{"f:19:16:19:33":0,"s:20:21:20:Infinity":0,"s:21:22:21:Infinity":1,"s:22:22:22:Infinity":2,"s:25:20:25:Infinity":3,"b:27:4:34:Infinity:undefined:undefined:undefined:undefined":0,"s:27:4:34:Infinity":4,"s:28:8:33:Infinity":5,"s:36:20:36:Infinity":6,"s:37:24:37:Infinity":7,"s:40:20:40:Infinity":8,"s:43:24:43:Infinity":9,"s:45:4:50:Infinity":10,"f:56:9:56:Infinity":1,"s:60:44:60:Infinity":11,"s:62:4:71:Infinity":12,"f:62:19:62:20":2,"s:63:22:67:Infinity":13,"f:64:12:64:13":3,"s:65:16:66:Infinity":14,"b:65:16:65:Infinity:66:16:66:Infinity":1,"b:68:8:70:Infinity:undefined:undefined:undefined:undefined":2,"s:68:8:70:Infinity":15,"s:69:12:69:Infinity":16,"s:73:4:73:Infinity":17,"f:79:16:79:39":4,"s:80:4:91:Infinity":18,"f:80:23:80:24":5,"s:81:23:81:Infinity":19,"s:82:8:88:Infinity":20,"f:82:24:82:25":6,"b:83:12:87:Infinity:85:19:87:Infinity":3,"s:83:12:87:Infinity":21,"s:84:16:84:Infinity":22,"s:86:16:86:Infinity":23,"s:89:8:89:Infinity":24,"f:89:25:89:31":7,"s:89:31:89:Infinity":25,"s:90:8:90:Infinity":26}}}
,"/home/arodrigo/purchases/src/lib/excel/transformer.ts": {"path":"/home/arodrigo/purchases/src/lib/excel/transformer.ts","statementMap":{"0":{"start":{"line":28,"column":70},"end":{"line":28,"column":null}},"1":{"start":{"line":29,"column":23},"end":{"line":29,"column":null}},"2":{"start":{"line":31,"column":19},"end":{"line":69,"column":null}},"3":{"start":{"line":32,"column":28},"end":{"line":32,"column":null}},"4":{"start":{"line":34,"column":8},"end":{"line":56,"column":null}},"5":{"start":{"line":35,"column":32},"end":{"line":35,"column":null}},"6":{"start":{"line":37,"column":12},"end":{"line":55,"column":null}},"7":{"start":{"line":38,"column":26},"end":{"line":38,"column":null}},"8":{"start":{"line":41,"column":16},"end":{"line":43,"column":null}},"9":{"start":{"line":42,"column":20},"end":{"line":42,"column":null}},"10":{"start":{"line":46,"column":16},"end":{"line":46,"column":null}},"11":{"start":{"line":47,"column":16},"end":{"line":47,"column":null}},"12":{"start":{"line":50,"column":16},"end":{"line":54,"column":null}},"13":{"start":{"line":51,"column":20},"end":{"line":51,"column":null}},"14":{"start":{"line":52,"column":16},"end":{"line":54,"column":null}},"15":{"start":{"line":53,"column":20},"end":{"line":53,"column":null}},"16":{"start":{"line":59,"column":8},"end":{"line":66,"column":null}},"17":{"start":{"line":60,"column":12},"end":{"line":60,"column":null}},"18":{"start":{"line":61,"column":12},"end":{"line":61,"column":null}},"19":{"start":{"line":62,"column":12},"end":{"line":62,"column":null}},"20":{"start":{"line":63,"column":12},"end":{"line":63,"column":null}},"21":{"start":{"line":64,"column":8},"end":{"line":66,"column":null}},"22":{"start":{"line":65,"column":12},"end":{"line":65,"column":null}},"23":{"start":{"line":68,"column":8},"end":{"line":68,"column":null}},"24":{"start":{"line":72,"column":24},"end":{"line":79,"column":null}},"25":{"start":{"line":73,"column":31},"end":{"line":73,"column":null}},"26":{"start":{"line":73,"column":55},"end":{"line":73,"column":65}},"27":{"start":{"line":74,"column":31},"end":{"line":74,"column":null}},"28":{"start":{"line":74,"column":58},"end":{"line":74,"column":70}},"29":{"start":{"line":75,"column":8},"end":{"line":77,"column":null}},"30":{"start":{"line":76,"column":12},"end":{"line":76,"column":null}},"31":{"start":{"line":78,"column":8},"end":{"line":78,"column":null}},"32":{"start":{"line":81,"column":4},"end":{"line":84,"column":null}},"33":{"start":{"line":95,"column":4},"end":{"line":97,"column":null}},"34":{"start":{"line":96,"column":8},"end":{"line":96,"column":null}},"35":{"start":{"line":99,"column":4},"end":{"line":122,"column":null}},"36":{"start":{"line":101,"column":12},"end":{"line":101,"column":null}},"37":{"start":{"line":104,"column":12},"end":{"line":104,"column":null}},"38":{"start":{"line":107,"column":12},"end":{"line":107,"column":null}},"39":{"start":{"line":111,"column":12},"end":{"line":111,"column":null}},"40":{"start":{"line":114,"column":12},"end":{"line":117,"column":null}},"41":{"start":{"line":115,"column":16},"end":{"line":115,"column":null}},"42":{"start":{"line":116,"column":16},"end":{"line":116,"column":null}},"43":{"start":{"line":118,"column":12},"end":{"line":118,"column":null}},"44":{"start":{"line":121,"column":12},"end":{"line":121,"column":null}},"45":{"start":{"line":129,"column":4},"end":{"line":134,"column":null}},"46":{"start":{"line":132,"column":21},"end":{"line":132,"column":null}},"47":{"start":{"line":133,"column":8},"end":{"line":133,"column":null}},"48":{"start":{"line":136,"column":4},"end":{"line":141,"column":null}},"49":{"start":{"line":137,"column":18},"end":{"line":137,"column":null}},"50":{"start":{"line":138,"column":8},"end":{"line":140,"column":null}},"51":{"start":{"line":139,"column":12},"end":{"line":139,"column":null}},"52":{"start":{"line":143,"column":4},"end":{"line":143,"column":null}}},"fnMap":{"0":{"name":"transformExcelToOrders","decl":{"start":{"line":24,"column":16},"end":{"line":24,"column":null}},"loc":{"start":{"line":27,"column":19},"end":{"line":85,"column":null}},"line":27},"1":{"name":"(anonymous_1)","decl":{"start":{"line":31,"column":32},"end":{"line":31,"column":33}},"loc":{"start":{"line":31,"column":46},"end":{"line":69,"column":5}},"line":31},"2":{"name":"(anonymous_2)","decl":{"start":{"line":34,"column":26},"end":{"line":34,"column":27}},"loc":{"start":{"line":34,"column":37},"end":{"line":56,"column":9}},"line":34},"3":{"name":"(anonymous_3)","decl":{"start":{"line":72,"column":38},"end":{"line":72,"column":39}},"loc":{"start":{"line":72,"column":52},"end":{"line":79,"column":5}},"line":72},"4":{"name":"(anonymous_4)","decl":{"start":{"line":73,"column":48},"end":{"line":73,"column":49}},"loc":{"start":{"line":73,"column":55},"end":{"line":73,"column":65}},"line":73},"5":{"name":"(anonymous_5)","decl":{"start":{"line":74,"column":51},"end":{"line":74,"column":52}},"loc":{"start":{"line":74,"column":58},"end":{"line":74,"column":70}},"line":74},"6":{"name":"transformFieldValue","decl":{"start":{"line":90,"column":9},"end":{"line":90,"column":null}},"loc":{"start":{"line":94,"column":7},"end":{"line":123,"column":null}},"line":94},"7":{"name":"transformDateValue","decl":{"start":{"line":128,"column":9},"end":{"line":128,"column":28}},"loc":{"start":{"line":128,"column":53},"end":{"line":144,"column":null}},"line":128}},"branchMap":{"0":{"loc":{"start":{"line":37,"column":12},"end":{"line":55,"column":null}},"type":"if","locations":[{"start":{"line":37,"column":12},"end":{"line":55,"column":null}},{"start":{"line":48,"column":19},"end":{"line":55,"column":null}}],"line":37},"1":{"loc":{"start":{"line":41,"column":16},"end":{"line":43,"column":null}},"type":"if","locations":[{"start":{"line":41,"column":16},"end":{"line":43,"column":null}},{"start":{},"end":{}}],"line":41},"2":{"loc":{"start":{"line":50,"column":16},"end":{"line":54,"column":null}},"type":"if","locations":[{"start":{"line":50,"column":16},"end":{"line":54,"column":null}},{"start":{"line":52,"column":16},"end":{"line":54,"column":null}}],"line":50},"3":{"loc":{"start":{"line":52,"column":16},"end":{"line":54,"column":null}},"type":"if","locations":[{"start":{"line":52,"column":16},"end":{"line":54,"column":null}},{"start":{},"end":{}}],"line":52},"4":{"loc":{"start":{"line":59,"column":8},"end":{"line":66,"column":null}},"type":"if","locations":[{"start":{"line":59,"column":8},"end":{"line":66,"column":null}},{"start":{"line":64,"column":8},"end":{"line":66,"column":null}}],"line":59},"5":{"loc":{"start":{"line":64,"column":8},"end":{"line":66,"column":null}},"type":"if","locations":[{"start":{"line":64,"column":8},"end":{"line":66,"column":null}},{"start":{},"end":{}}],"line":64},"6":{"loc":{"start":{"line":75,"column":8},"end":{"line":77,"column":null}},"type":"if","locations":[{"start":{"line":75,"column":8},"end":{"line":77,"column":null}},{"start":{},"end":{}}],"line":75},"7":{"loc":{"start":{"line":95,"column":4},"end":{"line":97,"column":null}},"type":"if","locations":[{"start":{"line":95,"column":4},"end":{"line":97,"column":null}},{"start":{},"end":{}}],"line":95},"8":{"loc":{"start":{"line":95,"column":8},"end":{"line":95,"column":57}},"type":"binary-expr","locations":[{"start":{"line":95,"column":8},"end":{"line":95,"column":29}},{"start":{"line":95,"column":29},"end":{"line":95,"column":45}},{"start":{"line":95,"column":45},"end":{"line":95,"column":57}}],"line":95},"9":{"loc":{"start":{"line":99,"column":4},"end":{"line":122,"column":null}},"type":"switch","locations":[{"start":{"line":100,"column":8},"end":{"line":101,"column":null}},{"start":{"line":103,"column":8},"end":{"line":104,"column":null}},{"start":{"line":106,"column":8},"end":{"line":107,"column":null}},{"start":{"line":109,"column":8},"end":{"line":109,"column":null}},{"start":{"line":110,"column":8},"end":{"line":111,"column":null}},{"start":{"line":113,"column":8},"end":{"line":118,"column":null}},{"start":{"line":120,"column":8},"end":{"line":121,"column":null}}],"line":99},"10":{"loc":{"start":{"line":104,"column":19},"end":{"line":104,"column":null}},"type":"binary-expr","locations":[{"start":{"line":104,"column":19},"end":{"line":104,"column":38}},{"start":{"line":104,"column":38},"end":{"line":104,"column":null}}],"line":104},"11":{"loc":{"start":{"line":107,"column":19},"end":{"line":107,"column":null}},"type":"binary-expr","locations":[{"start":{"line":107,"column":19},"end":{"line":107,"column":36}},{"start":{"line":107,"column":36},"end":{"line":107,"column":null}}],"line":107},"12":{"loc":{"start":{"line":114,"column":12},"end":{"line":117,"column":null}},"type":"if","locations":[{"start":{"line":114,"column":12},"end":{"line":117,"column":null}},{"start":{},"end":{}}],"line":114},"13":{"loc":{"start":{"line":114,"column":16},"end":{"line":114,"column":78}},"type":"binary-expr","locations":[{"start":{"line":114,"column":16},"end":{"line":114,"column":43}},{"start":{"line":114,"column":43},"end":{"line":114,"column":78}}],"line":114},"14":{"loc":{"start":{"line":129,"column":4},"end":{"line":134,"column":null}},"type":"if","locations":[{"start":{"line":129,"column":4},"end":{"line":134,"column":null}},{"start":{},"end":{}}],"line":129},"15":{"loc":{"start":{"line":136,"column":4},"end":{"line":141,"column":null}},"type":"if","locations":[{"start":{"line":136,"column":4},"end":{"line":141,"column":null}},{"start":{},"end":{}}],"line":136},"16":{"loc":{"start":{"line":138,"column":8},"end":{"line":140,"column":null}},"type":"if","locations":[{"start":{"line":138,"column":8},"end":{"line":140,"column":null}},{"start":{},"end":{}}],"line":138}},"s":{"0":12,"1":12,"2":12,"3":14,"4":14,"5":168,"6":168,"7":81,"8":81,"9":47,"10":81,"11":81,"12":87,"13":1,"14":86,"15":13,"16":14,"17":1,"18":1,"19":1,"20":1,"21":13,"22":13,"23":14,"24":12,"25":14,"26":168,"27":14,"28":16,"29":14,"30":1,"31":14,"32":12,"33":81,"34":33,"35":48,"36":2,"37":3,"38":4,"39":1,"40":0,"41":0,"42":0,"43":0,"44":38,"45":1,"46":1,"47":1,"48":0,"49":0,"50":0,"51":0,"52":0},"f":{"0":12,"1":14,"2":168,"3":14,"4":168,"5":16,"6":81,"7":1},"b":{"0":[81,87],"1":[47,34],"2":[1,86],"3":[13,73],"4":[1,13],"5":[13,0],"6":[1,13],"7":[33,48],"8":[81,48,48],"9":[48,3,4,1,1,0,38],"10":[3,1],"11":[4,1],"12":[0,0],"13":[0,0],"14":[1,0],"15":[0,0],"16":[0,0]},"meta":{"lastBranch":17,"lastFunction":8,"lastStatement":53,"seen":{"f:24:16:24:Infinity":0,"s:28:70:28:Infinity":0,"s:29:23:29:Infinity":1,"s:31:19:69:Infinity":2,"f:31:32:31:33":1,"s:32:28:32:Infinity":3,"s:34:8:56:Infinity":4,"f:34:26:34:27":2,"s:35:32:35:Infinity":5,"b:37:12:55:Infinity:48:19:55:Infinity":0,"s:37:12:55:Infinity":6,"s:38:26:38:Infinity":7,"b:41:16:43:Infinity:undefined:undefined:undefined:undefined":1,"s:41:16:43:Infinity":8,"s:42:20:42:Infinity":9,"s:46:16:46:Infinity":10,"s:47:16:47:Infinity":11,"b:50:16:54:Infinity:52:16:54:Infinity":2,"s:50:16:54:Infinity":12,"s:51:20:51:Infinity":13,"b:52:16:54:Infinity:undefined:undefined:undefined:undefined":3,"s:52:16:54:Infinity":14,"s:53:20:53:Infinity":15,"b:59:8:66:Infinity:64:8:66:Infinity":4,"s:59:8:66:Infinity":16,"s:60:12:60:Infinity":17,"s:61:12:61:Infinity":18,"s:62:12:62:Infinity":19,"s:63:12:63:Infinity":20,"b:64:8:66:Infinity:undefined:undefined:undefined:undefined":5,"s:64:8:66:Infinity":21,"s:65:12:65:Infinity":22,"s:68:8:68:Infinity":23,"s:72:24:79:Infinity":24,"f:72:38:72:39":3,"s:73:31:73:Infinity":25,"f:73:48:73:49":4,"s:73:55:73:65":26,"s:74:31:74:Infinity":27,"f:74:51:74:52":5,"s:74:58:74:70":28,"b:75:8:77:Infinity:undefined:undefined:undefined:undefined":6,"s:75:8:77:Infinity":29,"s:76:12:76:Infinity":30,"s:78:8:78:Infinity":31,"s:81:4:84:Infinity":32,"f:90:9:90:Infinity":6,"b:95:4:97:Infinity:undefined:undefined:undefined:undefined":7,"s:95:4:97:Infinity":33,"b:95:8:95:29:95:29:95:45:95:45:95:57":8,"s:96:8:96:Infinity":34,"b:100:8:101:Infinity:103:8:104:Infinity:106:8:107:Infinity:109:8:109:Infinity:110:8:111:Infinity:113:8:118:Infinity:120:8:121:Infinity":9,"s:99:4:122:Infinity":35,"s:101:12:101:Infinity":36,"s:104:12:104:Infinity":37,"b:104:19:104:38:104:38:104:Infinity":10,"s:107:12:107:Infinity":38,"b:107:19:107:36:107:36:107:Infinity":11,"s:111:12:111:Infinity":39,"b:114:12:117:Infinity:undefined:undefined:undefined:undefined":12,"s:114:12:117:Infinity":40,"b:114:16:114:43:114:43:114:78":13,"s:115:16:115:Infinity":41,"s:116:16:116:Infinity":42,"s:118:12:118:Infinity":43,"s:121:12:121:Infinity":44,"f:128:9:128:28":7,"b:129:4:134:Infinity:undefined:undefined:undefined:undefined":14,"s:129:4:134:Infinity":45,"s:132:21:132:Infinity":46,"s:133:8:133:Infinity":47,"b:136:4:141:Infinity:undefined:undefined:undefined:undefined":15,"s:136:4:141:Infinity":48,"s:137:18:137:Infinity":49,"b:138:8:140:Infinity:undefined:undefined:undefined:undefined":16,"s:138:8:140:Infinity":50,"s:139:12:139:Infinity":51,"s:143:4:143:Infinity":52}}}
,"/home/arodrigo/purchases/src/lib/excel/validator.ts": {"path":"/home/arodrigo/purchases/src/lib/excel/validator.ts","statementMap":{"0":{"start":{"line":24,"column":38},"end":{"line":24,"column":null}},"1":{"start":{"line":26,"column":4},"end":{"line":42,"column":null}},"2":{"start":{"line":27,"column":40},"end":{"line":27,"column":null}},"3":{"start":{"line":29,"column":8},"end":{"line":33,"column":null}},"4":{"start":{"line":30,"column":12},"end":{"line":32,"column":null}},"5":{"start":{"line":31,"column":16},"end":{"line":31,"column":null}},"6":{"start":{"line":35,"column":8},"end":{"line":41,"column":null}},"7":{"start":{"line":36,"column":12},"end":{"line":40,"column":null}},"8":{"start":{"line":44,"column":4},"end":{"line":47,"column":null}},"9":{"start":{"line":54,"column":4},"end":{"line":56,"column":null}},"10":{"start":{"line":55,"column":8},"end":{"line":55,"column":null}},"11":{"start":{"line":58,"column":4},"end":{"line":61,"column":null}},"12":{"start":{"line":59,"column":22},"end":{"line":59,"column":null}},"13":{"start":{"line":60,"column":8},"end":{"line":60,"column":null}},"14":{"start":{"line":63,"column":26},"end":{"line":65,"column":null}},"15":{"start":{"line":64,"column":15},"end":{"line":64,"column":null}},"16":{"start":{"line":67,"column":4},"end":{"line":67,"column":null}}},"fnMap":{"0":{"name":"validateOrders","decl":{"start":{"line":23,"column":16},"end":{"line":23,"column":31}},"loc":{"start":{"line":23,"column":64},"end":{"line":48,"column":null}},"line":23},"1":{"name":"(anonymous_1)","decl":{"start":{"line":26,"column":19},"end":{"line":26,"column":20}},"loc":{"start":{"line":26,"column":37},"end":{"line":42,"column":5}},"line":26},"2":{"name":"(anonymous_2)","decl":{"start":{"line":29,"column":32},"end":{"line":29,"column":33}},"loc":{"start":{"line":29,"column":43},"end":{"line":33,"column":9}},"line":29},"3":{"name":"formatValidationErrors","decl":{"start":{"line":53,"column":16},"end":{"line":53,"column":39}},"loc":{"start":{"line":53,"column":73},"end":{"line":68,"column":null}},"line":53},"4":{"name":"(anonymous_4)","decl":{"start":{"line":64,"column":8},"end":{"line":64,"column":9}},"loc":{"start":{"line":64,"column":15},"end":{"line":64,"column":null}},"line":64}},"branchMap":{"0":{"loc":{"start":{"line":30,"column":12},"end":{"line":32,"column":null}},"type":"if","locations":[{"start":{"line":30,"column":12},"end":{"line":32,"column":null}},{"start":{},"end":{}}],"line":30},"1":{"loc":{"start":{"line":35,"column":8},"end":{"line":41,"column":null}},"type":"if","locations":[{"start":{"line":35,"column":8},"end":{"line":41,"column":null}},{"start":{},"end":{}}],"line":35},"2":{"loc":{"start":{"line":38,"column":29},"end":{"line":38,"column":null}},"type":"binary-expr","locations":[{"start":{"line":38,"column":29},"end":{"line":38,"column":50}},{"start":{"line":38,"column":50},"end":{"line":38,"column":null}}],"line":38},"3":{"loc":{"start":{"line":54,"column":4},"end":{"line":56,"column":null}},"type":"if","locations":[{"start":{"line":54,"column":4},"end":{"line":56,"column":null}},{"start":{},"end":{}}],"line":54},"4":{"loc":{"start":{"line":58,"column":4},"end":{"line":61,"column":null}},"type":"if","locations":[{"start":{"line":58,"column":4},"end":{"line":61,"column":null}},{"start":{},"end":{}}],"line":58}},"s":{"0":8,"1":8,"2":10,"3":10,"4":30,"5":13,"6":10,"7":7,"8":8,"9":3,"10":1,"11":2,"12":1,"13":1,"14":1,"15":2,"16":1},"f":{"0":8,"1":10,"2":30,"3":3,"4":2},"b":{"0":[13,17],"1":[7,3],"2":[7,3],"3":[1,2],"4":[1,1]},"meta":{"lastBranch":5,"lastFunction":5,"lastStatement":17,"seen":{"f:23:16:23:31":0,"s:24:38:24:Infinity":0,"s:26:4:42:Infinity":1,"f:26:19:26:20":1,"s:27:40:27:Infinity":2,"s:29:8:33:Infinity":3,"f:29:32:29:33":2,"b:30:12:32:Infinity:undefined:undefined:undefined:undefined":0,"s:30:12:32:Infinity":4,"s:31:16:31:Infinity":5,"b:35:8:41:Infinity:undefined:undefined:undefined:undefined":1,"s:35:8:41:Infinity":6,"s:36:12:40:Infinity":7,"b:38:29:38:50:38:50:38:Infinity":2,"s:44:4:47:Infinity":8,"f:53:16:53:39":3,"b:54:4:56:Infinity:undefined:undefined:undefined:undefined":3,"s:54:4:56:Infinity":9,"s:55:8:55:Infinity":10,"b:58:4:61:Infinity:undefined:undefined:undefined:undefined":4,"s:58:4:61:Infinity":11,"s:59:22:59:Infinity":12,"s:60:8:60:Infinity":13,"s:63:26:65:Infinity":14,"f:64:8:64:9":4,"s:64:15:64:Infinity":15,"s:67:4:67:Infinity":16}}}
}
